<?xml version="1.0" encoding="UTF-8"?>
<!-- Generated by org.testng.reporters.JUnitReportReporter -->
<testsuite hostname="DESKTOP-UMEFVFH" failures="0" tests="4" name="api.test.UserTest" time="17.479" errors="0" timestamp="2024-06-28T22:44:39 IST" skipped="0">
  <testcase classname="api.test.UserTest" name="testPostUser" time="11.370"/>
  <system-out/>
  <testcase classname="api.test.UserTest" name="testGetUserByName" time="2.155"/>
  <system-out/>
  <testcase classname="api.test.UserTest" name="testUpdateUserByName" time="2.689"/>
  <system-out/>
  <testcase classname="api.test.UserTest" name="testDeleteUserByName" time="1.265"/>
  <system-out/>
</testsuite> <!-- api.test.UserTest -->
