<?xml version="1.0" encoding="UTF-8"?>
<!-- Generated by org.testng.reporters.JUnitReportReporter -->
<testsuite hostname="DESKTOP-UMEFVFH" failures="0" tests="9" name="api.test.DDTest_user" time="42.191" errors="0" timestamp="2024-06-30T19:52:46 IST" skipped="0">
  <testcase classname="api.test.DDTest_user" name="testPostUser" time="1.612"/>
  <system-out/>
  <testcase classname="api.test.DDTest_user" name="testPostUser" time="1.606"/>
  <system-out/>
  <testcase classname="api.test.DDTest_user" name="testPostUser" time="29.562"/>
  <system-out/>
  <testcase classname="api.test.DDTest_user" name="testGetUserByName" time="1.781"/>
  <system-out/>
  <testcase classname="api.test.DDTest_user" name="testGetUserByName" time="1.633"/>
  <system-out/>
  <testcase classname="api.test.DDTest_user" name="testGetUserByName" time="1.524"/>
  <system-out/>
  <testcase classname="api.test.DDTest_user" name="testDeleteUserByName" time="1.513"/>
  <system-out/>
  <testcase classname="api.test.DDTest_user" name="testDeleteUserByName" time="1.380"/>
  <system-out/>
  <testcase classname="api.test.DDTest_user" name="testDeleteUserByName" time="1.580"/>
  <system-out/>
</testsuite> <!-- api.test.DDTest_user -->
