<?xml version="1.0" encoding="UTF-8"?>
<!-- Generated by org.testng.reporters.JUnitReportReporter -->
<testsuite hostname="DESKTOP-UMEFVFH" failures="0" tests="4" name="api.test.UserTest" time="30.881" errors="0" timestamp="2024-07-02T12:55:51 IST" skipped="0">
  <testcase classname="api.test.UserTest" name="testPostUser" time="25.477"/>
  <system-out/>
  <testcase classname="api.test.UserTest" name="testGetUserByName" time="1.719"/>
  <system-out/>
  <testcase classname="api.test.UserTest" name="testUpdateUserByName" time="2.462"/>
  <system-out/>
  <testcase classname="api.test.UserTest" name="testDeleteUserByName" time="1.223"/>
  <system-out/>
</testsuite> <!-- api.test.UserTest -->
